{"/home/w3e17/hotel-api/controllers/hotelController.js": {"path":"/home/w3e17/hotel-api/controllers/hotelController.js","statementMap":{"0":{"start":{"line":1,"column":11},"end":{"line":1,"column":24}},"1":{"start":{"line":2,"column":13},"end":{"line":2,"column":28}},"2":{"start":{"line":3,"column":23},"end":{"line":3,"column":38}},"3":{"start":{"line":4,"column":16},"end":{"line":4,"column":34}},"4":{"start":{"line":5,"column":15},"end":{"line":5,"column":47}},"5":{"start":{"line":8,"column":24},"end":{"line":8,"column":56}},"6":{"start":{"line":8,"column":30},"end":{"line":8,"column":56}},"7":{"start":{"line":11,"column":20},"end":{"line":69,"column":1}},"8":{"start":{"line":12,"column":2},"end":{"line":68,"column":3}},"9":{"start":{"line":25,"column":8},"end":{"line":25,"column":16}},"10":{"start":{"line":31,"column":20},"end":{"line":31,"column":37}},"11":{"start":{"line":32,"column":17},"end":{"line":32,"column":62}},"12":{"start":{"line":33,"column":19},"end":{"line":33,"column":85}},"13":{"start":{"line":33,"column":53},"end":{"line":33,"column":79}},"14":{"start":{"line":35,"column":28},"end":{"line":35,"column":93}},"15":{"start":{"line":36,"column":27},"end":{"line":36,"column":113}},"16":{"start":{"line":37,"column":24},"end":{"line":37,"column":77}},"17":{"start":{"line":39,"column":21},"end":{"line":60,"column":5}},"18":{"start":{"line":53,"column":38},"end":{"line":59,"column":7}},"19":{"start":{"line":62,"column":21},"end":{"line":62,"column":57}},"20":{"start":{"line":63,"column":4},"end":{"line":63,"column":66}},"21":{"start":{"line":65,"column":4},"end":{"line":65,"column":85}},"22":{"start":{"line":67,"column":4},"end":{"line":67,"column":78}},"23":{"start":{"line":72,"column":21},"end":{"line":89,"column":1}},"24":{"start":{"line":73,"column":18},"end":{"line":73,"column":35}},"25":{"start":{"line":74,"column":2},"end":{"line":76,"column":3}},"26":{"start":{"line":75,"column":4},"end":{"line":75,"column":67}},"27":{"start":{"line":78,"column":24},"end":{"line":78,"column":74}},"28":{"start":{"line":79,"column":2},"end":{"line":81,"column":3}},"29":{"start":{"line":80,"column":4},"end":{"line":80,"column":62}},"30":{"start":{"line":83,"column":20},"end":{"line":83,"column":71}},"31":{"start":{"line":84,"column":20},"end":{"line":84,"column":86}},"32":{"start":{"line":84,"column":54},"end":{"line":84,"column":80}},"33":{"start":{"line":85,"column":2},"end":{"line":85,"column":56}},"34":{"start":{"line":87,"column":2},"end":{"line":87,"column":70}},"35":{"start":{"line":88,"column":2},"end":{"line":88,"column":87}},"36":{"start":{"line":92,"column":18},"end":{"line":103,"column":1}},"37":{"start":{"line":93,"column":24},"end":{"line":93,"column":55}},"38":{"start":{"line":94,"column":21},"end":{"line":94,"column":50}},"39":{"start":{"line":96,"column":17},"end":{"line":100,"column":4}},"40":{"start":{"line":97,"column":21},"end":{"line":97,"column":51}},"41":{"start":{"line":98,"column":22},"end":{"line":98,"column":68}},"42":{"start":{"line":99,"column":4},"end":{"line":99,"column":21}},"43":{"start":{"line":102,"column":2},"end":{"line":102,"column":31}},"44":{"start":{"line":107,"column":17},"end":{"line":117,"column":1}},"45":{"start":{"line":108,"column":18},"end":{"line":108,"column":36}},"46":{"start":{"line":109,"column":19},"end":{"line":109,"column":69}},"47":{"start":{"line":111,"column":2},"end":{"line":113,"column":3}},"48":{"start":{"line":112,"column":4},"end":{"line":112,"column":62}},"49":{"start":{"line":115,"column":20},"end":{"line":115,"column":66}},"50":{"start":{"line":116,"column":2},"end":{"line":116,"column":34}},"51":{"start":{"line":120,"column":20},"end":{"line":135,"column":1}},"52":{"start":{"line":121,"column":18},"end":{"line":121,"column":36}},"53":{"start":{"line":122,"column":19},"end":{"line":122,"column":69}},"54":{"start":{"line":124,"column":2},"end":{"line":126,"column":3}},"55":{"start":{"line":125,"column":4},"end":{"line":125,"column":62}},"56":{"start":{"line":128,"column":20},"end":{"line":128,"column":66}},"57":{"start":{"line":129,"column":22},"end":{"line":129,"column":30}},"58":{"start":{"line":131,"column":23},"end":{"line":131,"column":55}},"59":{"start":{"line":132,"column":2},"end":{"line":132,"column":68}},"60":{"start":{"line":134,"column":2},"end":{"line":134,"column":87}},"61":{"start":{"line":138,"column":0},"end":{"line":144,"column":2}}},"fnMap":{"0":{"name":"(anonymous_0)","decl":{"start":{"line":8,"column":24},"end":{"line":8,"column":25}},"loc":{"start":{"line":8,"column":30},"end":{"line":8,"column":56}},"line":8},"1":{"name":"(anonymous_1)","decl":{"start":{"line":11,"column":20},"end":{"line":11,"column":21}},"loc":{"start":{"line":11,"column":34},"end":{"line":69,"column":1}},"line":11},"2":{"name":"(anonymous_2)","decl":{"start":{"line":33,"column":45},"end":{"line":33,"column":46}},"loc":{"start":{"line":33,"column":53},"end":{"line":33,"column":79}},"line":33},"3":{"name":"(anonymous_3)","decl":{"start":{"line":53,"column":29},"end":{"line":53,"column":30}},"loc":{"start":{"line":53,"column":38},"end":{"line":59,"column":7}},"line":53},"4":{"name":"(anonymous_4)","decl":{"start":{"line":72,"column":21},"end":{"line":72,"column":22}},"loc":{"start":{"line":72,"column":35},"end":{"line":89,"column":1}},"line":72},"5":{"name":"(anonymous_5)","decl":{"start":{"line":84,"column":46},"end":{"line":84,"column":47}},"loc":{"start":{"line":84,"column":54},"end":{"line":84,"column":80}},"line":84},"6":{"name":"(anonymous_6)","decl":{"start":{"line":92,"column":18},"end":{"line":92,"column":19}},"loc":{"start":{"line":92,"column":32},"end":{"line":103,"column":1}},"line":92},"7":{"name":"(anonymous_7)","decl":{"start":{"line":96,"column":32},"end":{"line":96,"column":33}},"loc":{"start":{"line":96,"column":42},"end":{"line":100,"column":3}},"line":96},"8":{"name":"(anonymous_8)","decl":{"start":{"line":107,"column":17},"end":{"line":107,"column":18}},"loc":{"start":{"line":107,"column":31},"end":{"line":117,"column":1}},"line":107},"9":{"name":"(anonymous_9)","decl":{"start":{"line":120,"column":20},"end":{"line":120,"column":21}},"loc":{"start":{"line":120,"column":34},"end":{"line":135,"column":1}},"line":120}},"branchMap":{"0":{"loc":{"start":{"line":33,"column":19},"end":{"line":33,"column":85}},"type":"cond-expr","locations":[{"start":{"line":33,"column":31},"end":{"line":33,"column":80}},{"start":{"line":33,"column":83},"end":{"line":33,"column":85}}],"line":33},"1":{"loc":{"start":{"line":35,"column":28},"end":{"line":35,"column":93}},"type":"cond-expr","locations":[{"start":{"line":35,"column":60},"end":{"line":35,"column":81}},{"start":{"line":35,"column":84},"end":{"line":35,"column":93}}],"line":35},"2":{"loc":{"start":{"line":36,"column":27},"end":{"line":36,"column":113}},"type":"cond-expr","locations":[{"start":{"line":36,"column":66},"end":{"line":36,"column":94}},{"start":{"line":36,"column":97},"end":{"line":36,"column":113}}],"line":36},"3":{"loc":{"start":{"line":37,"column":24},"end":{"line":37,"column":77}},"type":"cond-expr","locations":[{"start":{"line":37,"column":52},"end":{"line":37,"column":69}},{"start":{"line":37,"column":72},"end":{"line":37,"column":77}}],"line":37},"4":{"loc":{"start":{"line":74,"column":2},"end":{"line":76,"column":3}},"type":"if","locations":[{"start":{"line":74,"column":2},"end":{"line":76,"column":3}},{"start":{},"end":{}}],"line":74},"5":{"loc":{"start":{"line":79,"column":2},"end":{"line":81,"column":3}},"type":"if","locations":[{"start":{"line":79,"column":2},"end":{"line":81,"column":3}},{"start":{},"end":{}}],"line":79},"6":{"loc":{"start":{"line":84,"column":20},"end":{"line":84,"column":86}},"type":"cond-expr","locations":[{"start":{"line":84,"column":32},"end":{"line":84,"column":81}},{"start":{"line":84,"column":84},"end":{"line":84,"column":86}}],"line":84},"7":{"loc":{"start":{"line":111,"column":2},"end":{"line":113,"column":3}},"type":"if","locations":[{"start":{"line":111,"column":2},"end":{"line":113,"column":3}},{"start":{},"end":{}}],"line":111},"8":{"loc":{"start":{"line":124,"column":2},"end":{"line":126,"column":3}},"type":"if","locations":[{"start":{"line":124,"column":2},"end":{"line":126,"column":3}},{"start":{},"end":{}}],"line":124}},"s":{"0":1,"1":1,"2":1,"3":1,"4":1,"5":1,"6":1,"7":1,"8":1,"9":1,"10":1,"11":1,"12":1,"13":0,"14":1,"15":1,"16":1,"17":1,"18":1,"19":1,"20":1,"21":1,"22":0,"23":1,"24":1,"25":1,"26":0,"27":1,"28":1,"29":0,"30":1,"31":1,"32":1,"33":1,"34":1,"35":1,"36":1,"37":0,"38":0,"39":0,"40":0,"41":0,"42":0,"43":0,"44":1,"45":1,"46":1,"47":1,"48":0,"49":1,"50":1,"51":1,"52":1,"53":1,"54":1,"55":0,"56":1,"57":1,"58":1,"59":1,"60":1,"61":1},"f":{"0":1,"1":1,"2":0,"3":1,"4":1,"5":1,"6":0,"7":0,"8":1,"9":1},"b":{"0":[0,1],"1":[1,0],"2":[1,0],"3":[1,0],"4":[0,1],"5":[0,1],"6":[1,0],"7":[0,1],"8":[0,1]},"_coverageSchema":"1a1c01bbd47fc00a2c39e90264f33305004495a9","hash":"4073351c2ec6e43ae42622f119fd5f3030858c17"}
,"/home/w3e17/hotel-api/routes/hotelRoutes.js": {"path":"/home/w3e17/hotel-api/routes/hotelRoutes.js","statementMap":{"0":{"start":{"line":3,"column":16},"end":{"line":3,"column":34}},"1":{"start":{"line":4,"column":15},"end":{"line":4,"column":31}},"2":{"start":{"line":5,"column":24},"end":{"line":5,"column":65}},"3":{"start":{"line":6,"column":15},"end":{"line":6,"column":47}},"4":{"start":{"line":9,"column":0},"end":{"line":9,"column":79}},"5":{"start":{"line":10,"column":0},"end":{"line":10,"column":81}},"6":{"start":{"line":11,"column":0},"end":{"line":11,"column":56}},"7":{"start":{"line":12,"column":0},"end":{"line":12,"column":59}},"8":{"start":{"line":14,"column":0},"end":{"line":14,"column":24}}},"fnMap":{},"branchMap":{},"s":{"0":1,"1":1,"2":1,"3":1,"4":1,"5":1,"6":1,"7":1,"8":1},"f":{},"b":{},"_coverageSchema":"1a1c01bbd47fc00a2c39e90264f33305004495a9","hash":"851e5a4fa1a1c9f728dc9cf754e5b715a0b273e0"}
}
